[debug] [2022-12-23T11:29:10.564Z] ----------------------------------------------------------------------
[debug] [2022-12-23T11:29:10.568Z] Command:       C:\Program Files\nodejs\node.exe C:\Users\ASUS\AppData\Roaming\npm\node_modules\firebase-tools\lib\bin\firebase.js init
[debug] [2022-12-23T11:29:10.569Z] CLI Version:   11.14.1
[debug] [2022-12-23T11:29:10.569Z] Platform:      win32
[debug] [2022-12-23T11:29:10.570Z] Node Version:  v16.17.0
[debug] [2022-12-23T11:29:10.572Z] Time:          Fri Dec 23 2022 17:14:10 GMT+0545 (Nepal Time)
[debug] [2022-12-23T11:29:10.573Z] ----------------------------------------------------------------------
[debug] 
[debug] [2022-12-23T11:29:10.717Z] > command requires scopes: ["email","openid","https://www.googleapis.com/auth/cloudplatformprojects.readonly","https://www.googleapis.com/auth/firebase","https://www.googleapis.com/auth/cloud-platform"]
[debug] [2022-12-23T11:29:10.718Z] > authorizing via signed-in user (nischalgautam7200@gmail.com)
[info] 
     ######## #### ########  ######## ########     ###     ######  ########
     ##        ##  ##     ## ##       ##     ##  ##   ##  ##       ##
     ######    ##  ########  ######   ########  #########  ######  ######
     ##        ##  ##    ##  ##       ##     ## ##     ##       ## ##
     ##       #### ##     ## ######## ########  ##     ##  ######  ########

You're about to initialize a Firebase project in this directory:

  C:\Users\ASUS\sanjaykosh

Before we get started, keep in mind:

  * You are initializing within an existing Firebase project directory

